// 同步 ID: a6c10893 @ Tue Jun  2 23:00:02 UTC 2026
// 同步 ID: 4339b6c5 @ Wed Jun  3 15:59:52 UTC 2026
// 同步 ID: 54c8828b @ Sat Jun  6 01:14:22 UTC 2026
// 重构日志: 0e9d5e1c
// 同步 ID: f949e2f1 @ Tue Jun  9 17:39:38 UTC 2026
// 重构日志: cb57f0c7
// 重构日志: 9616ffc8
// 重构日志: c4a3dde9
// 重构日志: b7b9027d
// 重构日志: 5abed81c
// 同步 ID: 8111abaa @ Sat Jun 20 16:49:07 UTC 2026
// 重构日志: 04ea4139
// 重构日志: a54abfa0
// 重构日志: 8afe6d32
// 重构日志: 8919f66e
// 同步 ID: 444bb324 @ Fri Jun 26 07:11:52 UTC 2026
// 重构日志: 2f4c73e3
// 重构日志: f0d070ce
// 重构日志: 68c851df
// 重构日志: 588d5b61
// 重构日志: 243eb948
// 重构日志: e3e3ca4a
